<?xml version="1.0" encoding="UTF-8"?>
<testng-results ignored="0" total="1" passed="1" failed="0" skipped="0">
  <reporter-output>
  </reporter-output>
  <suite started-at="2024-02-07T14:56:22 IST" name="Default suite" finished-at="2024-02-07T14:56:40 IST" duration-ms="18108">
    <groups>
    </groups>
    <test started-at="2024-02-07T14:56:22 IST" name="Default test" finished-at="2024-02-07T14:56:40 IST" duration-ms="18108">
      <class name="ui.NavigationMethods">
        <test-method signature="dropdown()[pri:0, instance:ui.NavigationMethods@6da21078]" started-at="2024-02-07T14:56:22 IST" name="dropdown" finished-at="2024-02-07T14:56:40 IST" duration-ms="18050" status="PASS">
          <reporter-output>
          </reporter-output>
        </test-method> <!-- dropdown -->
      </class> <!-- ui.NavigationMethods -->
    </test> <!-- Default test -->
  </suite> <!-- Default suite -->
</testng-results>
